<?xml version="1.0" encoding="UTF-8"?>
<testsuite name="automate the endpoints of the https://reqres.in/ site" tests="1" skipped="0" failures="0" errors="0" timestamp="2023-05-04T22:24:26" hostname="DESKTOP-Q3D5HJT" time="8.49">
  <properties/>
  <testcase name="the user created a new user" classname="automate the endpoints of the https://reqres.in/ site" time="8.49"/>
  <system-out><![CDATA[null
------------
{"id":"algo","email":null,"first_name":null,"last_name":null,"createdAt":"2023-05-04T22:24:34.610Z"}
------------
]]></system-out>
  <system-err><![CDATA[[Test worker] INFO net.thucydides.core.steps.ConsoleLoggingListener - 
        __    _____ _____ ____ _____   ____   _    ____  ____  _____ ____  
  _     \ \  |_   _| ____/ ___|_   _| |  _ \ / \  / ___|/ ___|| ____|  _ \ 
 (_)_____| |   | | |  _| \___ \ | |   | |_) / _ \ \___ \\___ \|  _| | | | |
  _|_____| |   | | | |___ ___) || |   |  __/ ___ \ ___) |___) | |___| |_| |
 (_)     | |   |_| |_____|____/ |_|   |_| /_/   \_\____/|____/|_____|____/ 
        /_/                                                                

TEST PASSED: the user created a new user
----------------------------------------------------------------------------
]]></system-err>
</testsuite>
